Evaluating Simple.java:
2022-09-18 12:44:08,581 INFO impl.MetricsConfig: Loaded properties from hadoop-metrics2.properties
2022-09-18 12:44:08,653 INFO impl.MetricsSystemImpl: Scheduled Metric snapshot period at 10 second(s).
2022-09-18 12:44:08,653 INFO impl.MetricsSystemImpl: JobTracker metrics system started
2022-09-18 12:44:08,712 WARN mapreduce.JobResourceUploader: Hadoop command-line option parsing not performed. Implement the Tool interface and execute your application with ToolRunner to remedy this.
2022-09-18 12:44:08,739 INFO input.FileInputFormat: Total input files to process : 1
2022-09-18 12:44:08,763 INFO mapreduce.JobSubmitter: number of splits:1
2022-09-18 12:44:08,912 INFO mapreduce.JobSubmitter: Submitting tokens for job: job_local64175776_0001
2022-09-18 12:44:08,913 INFO mapreduce.JobSubmitter: Executing with tokens: []
2022-09-18 12:44:08,997 INFO mapreduce.Job: The url to track the job: http://localhost:8080/
2022-09-18 12:44:09,000 INFO mapreduce.Job: Running job: job_local64175776_0001
2022-09-18 12:44:09,001 INFO mapred.LocalJobRunner: OutputCommitter set in config null
2022-09-18 12:44:09,007 INFO output.FileOutputCommitter: File Output Committer Algorithm version is 2
2022-09-18 12:44:09,007 INFO output.FileOutputCommitter: FileOutputCommitter skip cleanup _temporary folders under output directory:false, ignore cleanup failures: false
2022-09-18 12:44:09,008 INFO mapred.LocalJobRunner: OutputCommitter is org.apache.hadoop.mapreduce.lib.output.FileOutputCommitter
2022-09-18 12:44:09,079 INFO mapred.LocalJobRunner: Waiting for map tasks
2022-09-18 12:44:09,080 INFO mapred.LocalJobRunner: Starting task: attempt_local64175776_0001_m_000000_0
2022-09-18 12:44:09,114 INFO output.FileOutputCommitter: File Output Committer Algorithm version is 2
2022-09-18 12:44:09,115 INFO output.FileOutputCommitter: FileOutputCommitter skip cleanup _temporary folders under output directory:false, ignore cleanup failures: false
2022-09-18 12:44:09,135 INFO mapred.Task:  Using ResourceCalculatorProcessTree : [ ]
2022-09-18 12:44:09,138 INFO mapred.MapTask: Processing split: file:/home/vdhamudaransathish/project1/examples/simple.txt:0+30
2022-09-18 12:44:09,155 INFO mapred.MapTask: (EQUATOR) 0 kvi 26214396(104857584)
2022-09-18 12:44:09,155 INFO mapred.MapTask: mapreduce.task.io.sort.mb: 100
2022-09-18 12:44:09,155 INFO mapred.MapTask: soft limit at 83886080
2022-09-18 12:44:09,155 INFO mapred.MapTask: bufstart = 0; bufvoid = 104857600
2022-09-18 12:44:09,156 INFO mapred.MapTask: kvstart = 26214396; length = 6553600
2022-09-18 12:44:09,158 INFO mapred.MapTask: Map output collector class = org.apache.hadoop.mapred.MapTask$MapOutputBuffer
2022-09-18 12:44:09,179 INFO mapred.LocalJobRunner: 
2022-09-18 12:44:09,179 INFO mapred.MapTask: Starting flush of map output
2022-09-18 12:44:09,179 INFO mapred.MapTask: Spilling map output
2022-09-18 12:44:09,179 INFO mapred.MapTask: bufstart = 0; bufend = 60; bufvoid = 104857600
2022-09-18 12:44:09,179 INFO mapred.MapTask: kvstart = 26214396(104857584); kvend = 26214380(104857520); length = 17/6553600
2022-09-18 12:44:09,182 INFO mapred.MapTask: Finished spill 0
2022-09-18 12:44:09,187 INFO mapred.Task: Task:attempt_local64175776_0001_m_000000_0 is done. And is in the process of committing
2022-09-18 12:44:09,189 INFO mapred.LocalJobRunner: map
2022-09-18 12:44:09,189 INFO mapred.Task: Task 'attempt_local64175776_0001_m_000000_0' done.
2022-09-18 12:44:09,192 INFO mapred.Task: Final Counters for attempt_local64175776_0001_m_000000_0: Counters: 17
	File System Counters
		FILE: Number of bytes read=9876
		FILE: Number of bytes written=564389
		FILE: Number of read operations=0
		FILE: Number of large read operations=0
		FILE: Number of write operations=0
	Map-Reduce Framework
		Map input records=5
		Map output records=5
		Map output bytes=60
		Map output materialized bytes=76
		Input split bytes=123
		Combine input records=0
		Spilled Records=5
		Failed Shuffles=0
		Merged Map outputs=0
		GC time elapsed (ms)=0
		Total committed heap usage (bytes)=268435456
	File Input Format Counters 
		Bytes Read=30
2022-09-18 12:44:09,192 INFO mapred.LocalJobRunner: Finishing task: attempt_local64175776_0001_m_000000_0
2022-09-18 12:44:09,193 INFO mapred.LocalJobRunner: map task executor complete.
2022-09-18 12:44:09,194 INFO mapred.LocalJobRunner: Waiting for reduce tasks
2022-09-18 12:44:09,195 INFO mapred.LocalJobRunner: Starting task: attempt_local64175776_0001_r_000000_0
2022-09-18 12:44:09,199 INFO output.FileOutputCommitter: File Output Committer Algorithm version is 2
2022-09-18 12:44:09,199 INFO output.FileOutputCommitter: FileOutputCommitter skip cleanup _temporary folders under output directory:false, ignore cleanup failures: false
2022-09-18 12:44:09,199 INFO mapred.Task:  Using ResourceCalculatorProcessTree : [ ]
2022-09-18 12:44:09,203 INFO mapred.ReduceTask: Using ShuffleConsumerPlugin: org.apache.hadoop.mapreduce.task.reduce.Shuffle@5a78ab46
2022-09-18 12:44:09,204 WARN impl.MetricsSystemImpl: JobTracker metrics system already initialized!
2022-09-18 12:44:09,214 INFO reduce.MergeManagerImpl: MergerManager: memoryLimit=3006477056, maxSingleShuffleLimit=751619264, mergeThreshold=1984274944, ioSortFactor=10, memToMemMergeOutputsThreshold=10
2022-09-18 12:44:09,216 INFO reduce.EventFetcher: attempt_local64175776_0001_r_000000_0 Thread started: EventFetcher for fetching Map Completion Events
2022-09-18 12:44:09,236 INFO reduce.LocalFetcher: localfetcher#1 about to shuffle output of map attempt_local64175776_0001_m_000000_0 decomp: 72 len: 76 to MEMORY
2022-09-18 12:44:09,238 INFO reduce.InMemoryMapOutput: Read 72 bytes from map-output for attempt_local64175776_0001_m_000000_0
2022-09-18 12:44:09,239 INFO reduce.MergeManagerImpl: closeInMemoryFile -> map-output of size: 72, inMemoryMapOutputs.size() -> 1, commitMemory -> 0, usedMemory ->72
2022-09-18 12:44:09,241 INFO reduce.EventFetcher: EventFetcher is interrupted.. Returning
2022-09-18 12:44:09,244 INFO mapred.LocalJobRunner: 1 / 1 copied.
2022-09-18 12:44:09,244 INFO reduce.MergeManagerImpl: finalMerge called with 1 in-memory map-outputs and 0 on-disk map-outputs
2022-09-18 12:44:09,247 INFO mapred.Merger: Merging 1 sorted segments
2022-09-18 12:44:09,247 INFO mapred.Merger: Down to the last merge-pass, with 1 segments left of total size: 66 bytes
2022-09-18 12:44:09,248 INFO reduce.MergeManagerImpl: Merged 1 segments, 72 bytes to disk to satisfy reduce memory limit
2022-09-18 12:44:09,248 INFO reduce.MergeManagerImpl: Merging 1 files, 76 bytes from disk
2022-09-18 12:44:09,249 INFO reduce.MergeManagerImpl: Merging 0 segments, 0 bytes from memory into reduce
2022-09-18 12:44:09,249 INFO mapred.Merger: Merging 1 sorted segments
2022-09-18 12:44:09,249 INFO mapred.Merger: Down to the last merge-pass, with 1 segments left of total size: 66 bytes
2022-09-18 12:44:09,249 INFO mapred.LocalJobRunner: 1 / 1 copied.
2022-09-18 12:44:09,297 INFO Configuration.deprecation: mapred.skip.on is deprecated. Instead, use mapreduce.job.skiprecords
2022-09-18 12:44:09,310 INFO mapred.Task: Task:attempt_local64175776_0001_r_000000_0 is done. And is in the process of committing
2022-09-18 12:44:09,311 INFO mapred.LocalJobRunner: 1 / 1 copied.
2022-09-18 12:44:09,311 INFO mapred.Task: Task attempt_local64175776_0001_r_000000_0 is allowed to commit now
2022-09-18 12:44:09,320 INFO output.FileOutputCommitter: Saved output of task 'attempt_local64175776_0001_r_000000_0' to file:/home/vdhamudaransathish/project1/examples/output-simple
2022-09-18 12:44:09,321 INFO mapred.LocalJobRunner: reduce > reduce
2022-09-18 12:44:09,321 INFO mapred.Task: Task 'attempt_local64175776_0001_r_000000_0' done.
2022-09-18 12:44:09,322 INFO mapred.Task: Final Counters for attempt_local64175776_0001_r_000000_0: Counters: 24
	File System Counters
		FILE: Number of bytes read=10060
		FILE: Number of bytes written=564495
		FILE: Number of read operations=0
		FILE: Number of large read operations=0
		FILE: Number of write operations=0
	Map-Reduce Framework
		Combine input records=0
		Combine output records=0
		Reduce input groups=3
		Reduce shuffle bytes=76
		Reduce input records=5
		Reduce output records=3
		Spilled Records=5
		Shuffled Maps =1
		Failed Shuffles=0
		Merged Map outputs=1
		GC time elapsed (ms)=0
		Total committed heap usage (bytes)=268435456
	Shuffle Errors
		BAD_ID=0
		CONNECTION=0
		IO_ERROR=0
		WRONG_LENGTH=0
		WRONG_MAP=0
		WRONG_REDUCE=0
	File Output Format Counters 
		Bytes Written=30
2022-09-18 12:44:09,322 INFO mapred.LocalJobRunner: Finishing task: attempt_local64175776_0001_r_000000_0
2022-09-18 12:44:09,322 INFO mapred.LocalJobRunner: reduce task executor complete.
2022-09-18 12:44:10,004 INFO mapreduce.Job: Job job_local64175776_0001 running in uber mode : false
2022-09-18 12:44:10,005 INFO mapreduce.Job:  map 100% reduce 100%
2022-09-18 12:44:10,005 INFO mapreduce.Job: Job job_local64175776_0001 completed successfully
2022-09-18 12:44:10,010 INFO mapreduce.Job: Counters: 30
	File System Counters
		FILE: Number of bytes read=19936
		FILE: Number of bytes written=1128884
		FILE: Number of read operations=0
		FILE: Number of large read operations=0
		FILE: Number of write operations=0
	Map-Reduce Framework
		Map input records=5
		Map output records=5
		Map output bytes=60
		Map output materialized bytes=76
		Input split bytes=123
		Combine input records=0
		Combine output records=0
		Reduce input groups=3
		Reduce shuffle bytes=76
		Reduce input records=5
		Reduce output records=3
		Spilled Records=10
		Shuffled Maps =1
		Failed Shuffles=0
		Merged Map outputs=1
		GC time elapsed (ms)=0
		Total committed heap usage (bytes)=536870912
	Shuffle Errors
		BAD_ID=0
		CONNECTION=0
		IO_ERROR=0
		WRONG_LENGTH=0
		WRONG_MAP=0
		WRONG_REDUCE=0
	File Input Format Counters 
		Bytes Read=30
	File Output Format Counters 
		Bytes Written=30
Evaluating Join.java:
2022-09-18 12:44:10,909 INFO impl.MetricsConfig: Loaded properties from hadoop-metrics2.properties
2022-09-18 12:44:10,971 INFO impl.MetricsSystemImpl: Scheduled Metric snapshot period at 10 second(s).
2022-09-18 12:44:10,971 INFO impl.MetricsSystemImpl: JobTracker metrics system started
2022-09-18 12:44:11,018 WARN mapreduce.JobResourceUploader: Hadoop command-line option parsing not performed. Implement the Tool interface and execute your application with ToolRunner to remedy this.
2022-09-18 12:44:11,049 INFO input.FileInputFormat: Total input files to process : 1
2022-09-18 12:44:11,071 INFO input.FileInputFormat: Total input files to process : 1
2022-09-18 12:44:11,080 INFO mapreduce.JobSubmitter: number of splits:2
2022-09-18 12:44:11,192 INFO mapreduce.JobSubmitter: Submitting tokens for job: job_local211064533_0001
2022-09-18 12:44:11,192 INFO mapreduce.JobSubmitter: Executing with tokens: []
2022-09-18 12:44:11,282 INFO mapreduce.Job: The url to track the job: http://localhost:8080/
2022-09-18 12:44:11,282 INFO mapreduce.Job: Running job: job_local211064533_0001
2022-09-18 12:44:11,288 INFO mapred.LocalJobRunner: OutputCommitter set in config null
2022-09-18 12:44:11,293 INFO output.FileOutputCommitter: File Output Committer Algorithm version is 2
2022-09-18 12:44:11,293 INFO output.FileOutputCommitter: FileOutputCommitter skip cleanup _temporary folders under output directory:false, ignore cleanup failures: false
2022-09-18 12:44:11,294 INFO mapred.LocalJobRunner: OutputCommitter is org.apache.hadoop.mapreduce.lib.output.FileOutputCommitter
2022-09-18 12:44:11,406 INFO mapred.LocalJobRunner: Waiting for map tasks
2022-09-18 12:44:11,406 INFO mapred.LocalJobRunner: Starting task: attempt_local211064533_0001_m_000000_0
2022-09-18 12:44:11,421 INFO output.FileOutputCommitter: File Output Committer Algorithm version is 2
2022-09-18 12:44:11,421 INFO output.FileOutputCommitter: FileOutputCommitter skip cleanup _temporary folders under output directory:false, ignore cleanup failures: false
2022-09-18 12:44:11,437 INFO mapred.Task:  Using ResourceCalculatorProcessTree : [ ]
2022-09-18 12:44:11,440 INFO mapred.MapTask: Processing split: file:/home/vdhamudaransathish/project1/examples/e.txt:0+64
2022-09-18 12:44:11,458 INFO mapred.MapTask: (EQUATOR) 0 kvi 26214396(104857584)
2022-09-18 12:44:11,458 INFO mapred.MapTask: mapreduce.task.io.sort.mb: 100
2022-09-18 12:44:11,458 INFO mapred.MapTask: soft limit at 83886080
2022-09-18 12:44:11,459 INFO mapred.MapTask: bufstart = 0; bufvoid = 104857600
2022-09-18 12:44:11,459 INFO mapred.MapTask: kvstart = 26214396; length = 6553600
2022-09-18 12:44:11,461 INFO mapred.MapTask: Map output collector class = org.apache.hadoop.mapred.MapTask$MapOutputBuffer
2022-09-18 12:44:11,471 INFO mapred.LocalJobRunner: 
2022-09-18 12:44:11,472 INFO mapred.MapTask: Starting flush of map output
2022-09-18 12:44:11,472 INFO mapred.MapTask: Spilling map output
2022-09-18 12:44:11,472 INFO mapred.MapTask: bufstart = 0; bufend = 94; bufvoid = 104857600
2022-09-18 12:44:11,472 INFO mapred.MapTask: kvstart = 26214396(104857584); kvend = 26214388(104857552); length = 9/6553600
2022-09-18 12:44:11,475 INFO mapred.MapTask: Finished spill 0
2022-09-18 12:44:11,480 INFO mapred.Task: Task:attempt_local211064533_0001_m_000000_0 is done. And is in the process of committing
2022-09-18 12:44:11,482 INFO mapred.LocalJobRunner: map
2022-09-18 12:44:11,482 INFO mapred.Task: Task 'attempt_local211064533_0001_m_000000_0' done.
2022-09-18 12:44:11,486 INFO mapred.Task: Final Counters for attempt_local211064533_0001_m_000000_0: Counters: 17
	File System Counters
		FILE: Number of bytes read=10297
		FILE: Number of bytes written=567642
		FILE: Number of read operations=0
		FILE: Number of large read operations=0
		FILE: Number of write operations=0
	Map-Reduce Framework
		Map input records=3
		Map output records=3
		Map output bytes=94
		Map output materialized bytes=106
		Input split bytes=247
		Combine input records=0
		Spilled Records=3
		Failed Shuffles=0
		Merged Map outputs=0
		GC time elapsed (ms)=0
		Total committed heap usage (bytes)=268435456
	File Input Format Counters 
		Bytes Read=0
2022-09-18 12:44:11,486 INFO mapred.LocalJobRunner: Finishing task: attempt_local211064533_0001_m_000000_0
2022-09-18 12:44:11,487 INFO mapred.LocalJobRunner: Starting task: attempt_local211064533_0001_m_000001_0
2022-09-18 12:44:11,488 INFO output.FileOutputCommitter: File Output Committer Algorithm version is 2
2022-09-18 12:44:11,488 INFO output.FileOutputCommitter: FileOutputCommitter skip cleanup _temporary folders under output directory:false, ignore cleanup failures: false
2022-09-18 12:44:11,488 INFO mapred.Task:  Using ResourceCalculatorProcessTree : [ ]
2022-09-18 12:44:11,489 INFO mapred.MapTask: Processing split: file:/home/vdhamudaransathish/project1/examples/d.txt:0+11
2022-09-18 12:44:11,502 INFO mapred.MapTask: (EQUATOR) 0 kvi 26214396(104857584)
2022-09-18 12:44:11,502 INFO mapred.MapTask: mapreduce.task.io.sort.mb: 100
2022-09-18 12:44:11,503 INFO mapred.MapTask: soft limit at 83886080
2022-09-18 12:44:11,503 INFO mapred.MapTask: bufstart = 0; bufvoid = 104857600
2022-09-18 12:44:11,503 INFO mapred.MapTask: kvstart = 26214396; length = 6553600
2022-09-18 12:44:11,503 INFO mapred.MapTask: Map output collector class = org.apache.hadoop.mapred.MapTask$MapOutputBuffer
2022-09-18 12:44:11,510 INFO mapred.LocalJobRunner: 
2022-09-18 12:44:11,510 INFO mapred.MapTask: Starting flush of map output
2022-09-18 12:44:11,510 INFO mapred.MapTask: Spilling map output
2022-09-18 12:44:11,510 INFO mapred.MapTask: bufstart = 0; bufend = 29; bufvoid = 104857600
2022-09-18 12:44:11,510 INFO mapred.MapTask: kvstart = 26214396(104857584); kvend = 26214392(104857568); length = 5/6553600
2022-09-18 12:44:11,511 INFO mapred.MapTask: Finished spill 0
2022-09-18 12:44:11,518 INFO mapred.Task: Task:attempt_local211064533_0001_m_000001_0 is done. And is in the process of committing
2022-09-18 12:44:11,519 INFO mapred.LocalJobRunner: map
2022-09-18 12:44:11,519 INFO mapred.Task: Task 'attempt_local211064533_0001_m_000001_0' done.
2022-09-18 12:44:11,519 INFO mapred.Task: Final Counters for attempt_local211064533_0001_m_000001_0: Counters: 17
	File System Counters
		FILE: Number of bytes read=10823
		FILE: Number of bytes written=567713
		FILE: Number of read operations=0
		FILE: Number of large read operations=0
		FILE: Number of write operations=0
	Map-Reduce Framework
		Map input records=2
		Map output records=2
		Map output bytes=29
		Map output materialized bytes=39
		Input split bytes=249
		Combine input records=0
		Spilled Records=2
		Failed Shuffles=0
		Merged Map outputs=0
		GC time elapsed (ms)=5
		Total committed heap usage (bytes)=322961408
	File Input Format Counters 
		Bytes Read=0
2022-09-18 12:44:11,519 INFO mapred.LocalJobRunner: Finishing task: attempt_local211064533_0001_m_000001_0
2022-09-18 12:44:11,519 INFO mapred.LocalJobRunner: map task executor complete.
2022-09-18 12:44:11,522 INFO mapred.LocalJobRunner: Waiting for reduce tasks
2022-09-18 12:44:11,522 INFO mapred.LocalJobRunner: Starting task: attempt_local211064533_0001_r_000000_0
2022-09-18 12:44:11,527 INFO output.FileOutputCommitter: File Output Committer Algorithm version is 2
2022-09-18 12:44:11,527 INFO output.FileOutputCommitter: FileOutputCommitter skip cleanup _temporary folders under output directory:false, ignore cleanup failures: false
2022-09-18 12:44:11,528 INFO mapred.Task:  Using ResourceCalculatorProcessTree : [ ]
2022-09-18 12:44:11,531 INFO mapred.ReduceTask: Using ShuffleConsumerPlugin: org.apache.hadoop.mapreduce.task.reduce.Shuffle@31e37770
2022-09-18 12:44:11,532 WARN impl.MetricsSystemImpl: JobTracker metrics system already initialized!
2022-09-18 12:44:11,542 INFO reduce.MergeManagerImpl: MergerManager: memoryLimit=3006477056, maxSingleShuffleLimit=751619264, mergeThreshold=1984274944, ioSortFactor=10, memToMemMergeOutputsThreshold=10
2022-09-18 12:44:11,544 INFO reduce.EventFetcher: attempt_local211064533_0001_r_000000_0 Thread started: EventFetcher for fetching Map Completion Events
2022-09-18 12:44:11,562 INFO reduce.LocalFetcher: localfetcher#1 about to shuffle output of map attempt_local211064533_0001_m_000001_0 decomp: 35 len: 39 to MEMORY
2022-09-18 12:44:11,564 INFO reduce.InMemoryMapOutput: Read 35 bytes from map-output for attempt_local211064533_0001_m_000001_0
2022-09-18 12:44:11,565 INFO reduce.MergeManagerImpl: closeInMemoryFile -> map-output of size: 35, inMemoryMapOutputs.size() -> 1, commitMemory -> 0, usedMemory ->35
2022-09-18 12:44:11,567 WARN io.ReadaheadPool: Failed readahead on ifile
EBADF: Bad file descriptor
	at org.apache.hadoop.io.nativeio.NativeIO$POSIX.posix_fadvise(Native Method)
	at org.apache.hadoop.io.nativeio.NativeIO$POSIX.posixFadviseIfPossible(NativeIO.java:419)
	at org.apache.hadoop.io.nativeio.NativeIO$POSIX$CacheManipulator.posixFadviseIfPossible(NativeIO.java:296)
	at org.apache.hadoop.io.ReadaheadPool$ReadaheadRequestImpl.run(ReadaheadPool.java:209)
	at java.base/java.util.concurrent.ThreadPoolExecutor.runWorker(ThreadPoolExecutor.java:1128)
	at java.base/java.util.concurrent.ThreadPoolExecutor$Worker.run(ThreadPoolExecutor.java:628)
	at java.base/java.lang.Thread.run(Thread.java:834)
2022-09-18 12:44:11,568 INFO reduce.LocalFetcher: localfetcher#1 about to shuffle output of map attempt_local211064533_0001_m_000000_0 decomp: 102 len: 106 to MEMORY
2022-09-18 12:44:11,570 INFO reduce.InMemoryMapOutput: Read 102 bytes from map-output for attempt_local211064533_0001_m_000000_0
2022-09-18 12:44:11,571 INFO reduce.MergeManagerImpl: closeInMemoryFile -> map-output of size: 102, inMemoryMapOutputs.size() -> 2, commitMemory -> 35, usedMemory ->137
2022-09-18 12:44:11,571 INFO reduce.EventFetcher: EventFetcher is interrupted.. Returning
2022-09-18 12:44:11,572 INFO mapred.LocalJobRunner: 2 / 2 copied.
2022-09-18 12:44:11,572 INFO reduce.MergeManagerImpl: finalMerge called with 2 in-memory map-outputs and 0 on-disk map-outputs
2022-09-18 12:44:11,575 INFO mapred.Merger: Merging 2 sorted segments
2022-09-18 12:44:11,575 INFO mapred.Merger: Down to the last merge-pass, with 2 segments left of total size: 125 bytes
2022-09-18 12:44:11,577 INFO reduce.MergeManagerImpl: Merged 2 segments, 137 bytes to disk to satisfy reduce memory limit
2022-09-18 12:44:11,577 INFO reduce.MergeManagerImpl: Merging 1 files, 139 bytes from disk
2022-09-18 12:44:11,577 INFO reduce.MergeManagerImpl: Merging 0 segments, 0 bytes from memory into reduce
2022-09-18 12:44:11,577 INFO mapred.Merger: Merging 1 sorted segments
2022-09-18 12:44:11,578 INFO mapred.Merger: Down to the last merge-pass, with 1 segments left of total size: 129 bytes
2022-09-18 12:44:11,578 INFO mapred.LocalJobRunner: 2 / 2 copied.
2022-09-18 12:44:11,695 INFO Configuration.deprecation: mapred.skip.on is deprecated. Instead, use mapreduce.job.skiprecords
2022-09-18 12:44:11,708 INFO mapred.Task: Task:attempt_local211064533_0001_r_000000_0 is done. And is in the process of committing
2022-09-18 12:44:11,709 INFO mapred.LocalJobRunner: 2 / 2 copied.
2022-09-18 12:44:11,709 INFO mapred.Task: Task attempt_local211064533_0001_r_000000_0 is allowed to commit now
2022-09-18 12:44:11,719 INFO output.FileOutputCommitter: Saved output of task 'attempt_local211064533_0001_r_000000_0' to file:/home/vdhamudaransathish/project1/examples/output-join
2022-09-18 12:44:11,720 INFO mapred.LocalJobRunner: reduce > reduce
2022-09-18 12:44:11,720 INFO mapred.Task: Task 'attempt_local211064533_0001_r_000000_0' done.
2022-09-18 12:44:11,720 INFO mapred.Task: Final Counters for attempt_local211064533_0001_r_000000_0: Counters: 24
	File System Counters
		FILE: Number of bytes read=11171
		FILE: Number of bytes written=567898
		FILE: Number of read operations=0
		FILE: Number of large read operations=0
		FILE: Number of write operations=0
	Map-Reduce Framework
		Combine input records=0
		Combine output records=0
		Reduce input groups=2
		Reduce shuffle bytes=145
		Reduce input records=5
		Reduce output records=3
		Spilled Records=5
		Shuffled Maps =2
		Failed Shuffles=0
		Merged Map outputs=2
		GC time elapsed (ms)=0
		Total committed heap usage (bytes)=322961408
	Shuffle Errors
		BAD_ID=0
		CONNECTION=0
		IO_ERROR=0
		WRONG_LENGTH=0
		WRONG_MAP=0
		WRONG_REDUCE=0
	File Output Format Counters 
		Bytes Written=46
2022-09-18 12:44:11,720 INFO mapred.LocalJobRunner: Finishing task: attempt_local211064533_0001_r_000000_0
2022-09-18 12:44:11,720 INFO mapred.LocalJobRunner: reduce task executor complete.
2022-09-18 12:44:12,287 INFO mapreduce.Job: Job job_local211064533_0001 running in uber mode : false
2022-09-18 12:44:12,288 INFO mapreduce.Job:  map 100% reduce 100%
2022-09-18 12:44:12,288 INFO mapreduce.Job: Job job_local211064533_0001 completed successfully
2022-09-18 12:44:12,294 INFO mapreduce.Job: Counters: 30
	File System Counters
		FILE: Number of bytes read=32291
		FILE: Number of bytes written=1703253
		FILE: Number of read operations=0
		FILE: Number of large read operations=0
		FILE: Number of write operations=0
	Map-Reduce Framework
		Map input records=5
		Map output records=5
		Map output bytes=123
		Map output materialized bytes=145
		Input split bytes=496
		Combine input records=0
		Combine output records=0
		Reduce input groups=2
		Reduce shuffle bytes=145
		Reduce input records=5
		Reduce output records=3
		Spilled Records=10
		Shuffled Maps =2
		Failed Shuffles=0
		Merged Map outputs=2
		GC time elapsed (ms)=5
		Total committed heap usage (bytes)=914358272
	Shuffle Errors
		BAD_ID=0
		CONNECTION=0
		IO_ERROR=0
		WRONG_LENGTH=0
		WRONG_MAP=0
		WRONG_REDUCE=0
	File Input Format Counters 
		Bytes Read=0
	File Output Format Counters 
		Bytes Written=46
